<?xml version="1.0" encoding="UTF-8"?>
<!-- Generated by org.testng.reporters.JUnitReportReporter -->
<testsuite hostname="DESKTOP-G0TB8VF" name="TestRunner" tests="2" failures="0" timestamp="10 Jun 2019 14:03:00 GMT" time="34.914" errors="0">
  <testcase name="feature" time="25.003" classname="TestRunner"/>
  <testcase name="feature" time="9.911" classname="TestRunner"/>
</testsuite> <!-- TestRunner -->
